org.openoffice.Office.addon.example:Function1    _self
org.openoffice.Office.addon.example:Function2    
    
.uno:ImageOrientation    
.uno:AddDirect    
.uno:AddDirect    
.uno:VerticalTextState    
.uno:VerticalText    
.uno:ModifiedStatus    
.uno:StatePageNumber    
.uno:StateWordCount    
.uno:StateAccessibilityCheck    
.uno:PageStyleName    
.uno:LanguageStatus    
.uno:InsertMode    
.uno:SelectionMode    
.uno:Signature    
.uno:Size    
.uno:StatusBarFunc    
.uno:Position    
.uno:StateTableCell    
.uno:ViewLayout    
.uno:ZoomSlider    
.uno:Zoom    
.uno:EditDoc    
.uno:ActualStyleFamily    
.uno:StyleApply    
.uno:ImageOrientation    
.uno:FormatPaintbrush    
.uno:StyleUpdateByExample    
.uno:StyleNewByExample    
.uno:ImageOrientation    
.uno:EditStyle    
.uno:CharFontName    
.uno:ImageOrientation    
.uno:CharFontName    
.uno:FontHeight    
.uno:ImageOrientation    
.uno:Bold    
.uno:Italic    
.uno:Underline    
.uno:Strikeout    
.uno:Shadowed    
.uno:ImageOrientation    
.uno:Grow    
.uno:Shrink    
.uno:ImageOrientation    
.uno:FontColor    
.uno:CharColorExt    
.uno:ImageOrientation    
.uno:Color    
.uno:ImageOrientation    
.uno:CharBackColor    
.uno:CharBackgroundExt    
.uno:ImageOrientation    
.uno:ResetAttributes    
.uno:ImageOrientation    
.uno:SetDefault    
.uno:ImageOrientation    
.uno:SuperScript    
.uno:SubScript    
.uno:ImageOrientation    
.uno:Spacing    
.uno:ImageOrientation    
.uno:FontDialog    
.uno:LeftPara    
.uno:CenterPara    
.uno:RightPara    
.uno:JustifyPara    
.uno:ImageOrientation    
.uno:CellVertTop    
.uno:CellVertCenter    
.uno:CellVertBottom    
.uno:ImageOrientation    
.uno:DefaultBullet    
.uno:DefaultNumbering    
.uno:SetOutline    
.uno:RemoveBullets    
.uno:ImageOrientation    
.uno:BackgroundColor    
.uno:ImageOrientation    
.uno:CTLFontState    
.uno:ParaLeftToRight    
.uno:CTLFontState    
.uno:ParaRightToLeft    
.uno:ImageOrientation    
.uno:ParaspaceIncrease    
.uno:ParaspaceDecrease    
.uno:ImageOrientation    
.uno:LineSpacing    
.uno:ImageOrientation    
.uno:IncrementIndent    
.uno:DecrementIndent    
.uno:HangingIndent    
.uno:ImageOrientation    
.uno:TableCellBackgroundColor    
.uno:SetBorderStyle    
.uno:InsertFormula    
.uno:ImageOrientation    
.uno:InsertRowsBefore    
.uno:InsertRowsAfter    
.uno:InsertColumnsBefore    
.uno:InsertColumnsAfter    
.uno:ImageOrientation    
.uno:ParagraphDialog    
.uno:ImageOrientation    
.uno:CTLFontState    
.uno:ParaLeftToRight    
.uno:CTLFontState    
.uno:ParaRightToLeft    
org.openoffice.Office.addon.example:Function1    
org.openoffice.Office.addon.example:Function2    
vnd.sun.star.script:LibreLogo|LibreLogo.py$goforward?language=Python&location=share    
vnd.sun.star.script:LibreLogo|LibreLogo.py$gobackward?language=Python&location=share    
vnd.sun.star.script:LibreLogo|LibreLogo.py$left?language=Python&location=share    
vnd.sun.star.script:LibreLogo|LibreLogo.py$right?language=Python&location=share    
vnd.sun.star.script:LibreLogo|LibreLogo.py$run?language=Python&location=share    
vnd.sun.star.script:LibreLogo|LibreLogo.py$stop?language=Python&location=share    
vnd.sun.star.script:LibreLogo|LibreLogo.py$home?language=Python&location=share    
vnd.sun.star.script:LibreLogo|LibreLogo.py$clearscreen?language=Python&location=share    
vnd.sun.star.script:LibreLogo|LibreLogo.py$__translate__?language=Python&location=share    
vnd.sun.star.script:LibreLogo|LibreLogo.py$commandline?language=Python&location=share    
.uno:AddDirect    
.uno:NewDoc    
.uno:OpenFromWriter    
.uno:OpenRemote    
.uno:Save    
.uno:SaveAs    
.uno:SendMail    
.uno:EditDoc    
.uno:ReadOnlyDoc    
.uno:ExportDirectToPDF    
.uno:ExportDirectToEPUB    
.uno:Print    
.uno:PrintDefault    
.uno:PrintPreview    
.uno:Cut    
.uno:Copy    
.uno:ClipboardFormatItems    
.uno:Paste    
.uno:FormatPaintbrush    
.uno:ResetAttributes    
.uno:Undo    
.uno:Redo    
.uno:SearchDialog    
.uno:Navigator    
.uno:SpellingAndGrammarDialog    
.uno:SpellOnline    
.uno:ControlCodes    
.uno:InsertTable    
.uno:InsertGraphic    
.uno:InsertObjectChart    
.uno:InsertObjectStarMath    
.uno:DrawText    
.uno:VerticalTextState    
.uno:VerticalText    
.uno:InsertPagebreak    
.uno:InsertFieldCtrl    
.uno:CharmapControl    
.uno:HyperlinkDialog    
.uno:InsertFootnote    
.uno:InsertEndnote    
.uno:InsertBookmark    
.uno:InsertReferenceField    
.uno:InsertIndexesEntry    
.uno:InsertAnnotation    
.uno:ShowTrackedChanges    
.uno:TrackChanges    
.uno:TrackChangesBar    
.uno:Line    
.uno:BasicShapes.diamond    
.uno:BasicShapes    
.uno:InsertDraw    
.uno:ViewDataSourceBrowser    
.uno:Zoom    
.uno:HelpIndex    
.uno:ExtendedHelp    
.uno:UpdateInputFields    
.uno:DesignerDialog    
.uno:StyleApply    
.uno:StyleUpdateByExample    
.uno:StyleNewByExample    
.uno:EditStyle    
.uno:CharFontName    
.uno:CharFontName    
.uno:FontHeight    
.uno:Grow    
.uno:Shrink    
.uno:Bold    
.uno:Italic    
.uno:Underline    
.uno:UnderlineDouble    
.uno:Strikeout    
.uno:Overline    
.uno:SuperScript    
.uno:SubScript    
.uno:Shadowed    
.uno:OutlineFont    
.uno:ResetAttributes    
.uno:ChangeCaseToLower    
.uno:ChangeCaseToUpper    
.uno:SmallCaps    
.uno:Color    
.uno:CharBackColor    
.uno:CharBackgroundExt    
.uno:BackgroundColor    
.uno:LeftPara    
.uno:CenterPara    
.uno:RightPara    
.uno:JustifyPara    
.uno:CellVertTop    
.uno:CellVertCenter    
.uno:CellVertBottom    
.uno:DefaultBullet    
.uno:DefaultNumbering    
.uno:SetOutline    
.uno:IncrementIndent    
.uno:DecrementIndent    
.uno:LineSpacing    
.uno:Spacing    
.uno:ParaspaceIncrease    
.uno:ParaspaceDecrease    
.uno:CTLFontState    
.uno:ParaLeftToRight    
.uno:CTLFontState    
.uno:ParaRightToLeft    
.uno:SelectAll    
.uno:FontDialog    
.uno:ParagraphDialog    
.uno:ClipboardFormatItems    
.uno:PrintPreview    
.uno:SendMail    
.uno:HelpIndex    
.uno:ExtendedHelp    
.uno:CharmapControl    
.uno:NewDoc    
.uno:SaveAs    
.uno:Print    
.uno:Save    
.uno:PrintDefault    
.uno:OpenRemote    
.uno:AddDirect    
.uno:DesignerDialog    
.uno:CharStyle    
.uno:ParaStyle    
.uno:FrameStyle    
.uno:PageStyle    
.uno:EditStyle    
.uno:StyleApply    
.uno:ActualStyleFamily    
.uno:StyleNewByExample    
.uno:StyleUpdateByExample    
.uno:ModifiedStatus    
.uno:HyperlinkDialog    
.uno:Redo    
.uno:Undo    
.uno:Cut    
.uno:Copy    
.uno:Paste    
.uno:FormatPaintbrush    
.uno:SelectAll    
.uno:SearchDialog    
.uno:EditDoc    
.uno:ReadOnlyDoc    
.uno:Signature    
.uno:ViewDataSourceBrowser    
.uno:ImageOrientation    
.uno:ExportDirectToPDF    
.uno:ExportDirectToEPUB    
.uno:Zoom    
.uno:Tabstops    
.uno:CharFontName    
.uno:Italic    
.uno:Bold    
.uno:Shadowed    
.uno:OutlineFont    
.uno:Strikeout    
.uno:Underline    
.uno:FontHeight    
.uno:Color    
.uno:Spacing    
.uno:LeftPara    
.uno:RightPara    
.uno:CenterPara    
.uno:JustifyPara    
.uno:LineSpacing    
.uno:ULSpacing    
.uno:LeftRightParaMargin    
.uno:HangingIndent    
.uno:RulerBorders    
.uno:RulerPagePos    
.uno:HeaderFooterBorder    
.uno:Line    
.uno:InsertObjectChart    
.uno:BackgroundColor    
.uno:SetBorderStyle    
.uno:InsertMode    
.uno:Position    
.uno:Size    
.uno:StateTableCell    
.uno:InsertGraphic    
.uno:InsertDraw    
.uno:DrawText    
.uno:SetLongTopBottomMargin    
.uno:SetLongLeftRightMargin    
.uno:FontDialog    
.uno:ParagraphDialog    
.uno:Navigator    
.uno:RulerProtect    
.uno:DecrementIndent    
.uno:IncrementIndent    
.uno:CharColorExt    
.uno:CharBackgroundExt    
.uno:FontColor    
.uno:VerticalText    
.uno:ChangeCaseToUpper    
.uno:ChangeCaseToLower    
.uno:RulerBorderDistance    
.uno:TabstopsVertical    
.uno:LeftRightParaMargin_Vertical    
.uno:RulerBordersVertical    
.uno:ParaLeftToRight    
.uno:ParaRightToLeft    
.uno:TextRTL    
.uno:CTLFontState    
.uno:VerticalTextState    
.uno:RulerRows    
.uno:RulerRowsVertical    
.uno:BasicShapes    
.uno:CellVertBottom    
.uno:CellVertCenter    
.uno:CellVertTop    
.uno:SetOutline    
.uno:ParaspaceIncrease    
.uno:ParaspaceDecrease    
.uno:CharBackColor    
.uno:TableCellBackgroundColor    
.uno:UnderlineDouble    
.uno:ViewLayout    
.uno:ZoomSlider    
.uno:LanguageStatus    
.uno:Overline    
.uno:MetricUnit    
.uno:SpellOnline    
.uno:OpenFromWriter    
.uno:InsertFormula    
.uno:RemoveBullets    
.uno:DefaultBullet    
.uno:UpdateInputFields    
.uno:DefaultNumbering    
.uno:ControlCodes    
.uno:InsertBookmark    
.uno:InsertReferenceField    
.uno:InsertPagebreak    
.uno:InsertAnnotation    
.uno:InsertTable    
.uno:InsertIndexesEntry    
.uno:InsertObjectStarMath    
.uno:InsertFieldCtrl    
.uno:InsertFootnote    
.uno:Grow    
.uno:Shrink    
.uno:SuperScript    
.uno:SubScript    
.uno:SmallCaps    
.uno:ResetAttributes    
.uno:InsertRowsAfter    
.uno:InsertRowsBefore    
.uno:InsertColumnsBefore    
.uno:InsertColumnsAfter    
.uno:TrackChangesBar    
.uno:StatePageNumber    
.uno:PageStyleName    
.uno:SelectionMode    
.uno:StateWordCount    
.uno:StateAccessibilityCheck    
.uno:InsertEndnote    
.uno:TrackChanges    
.uno:ShowTrackedChanges    
.uno:SpellingAndGrammarDialog    
.uno:WindowList    
org.openoffice.Office.addon.example:Function1    _self
.uno:CloseFrame    _self
